<?xml version="1.0" encoding="UTF-8"?>
<!-- Generated by org.testng.reporters.JUnitReportReporter -->
<testsuite hostname="Lahari" name="com.example.tests.ProfileTest" tests="1" failures="0" timestamp="14 Mar 2018 04:39:53 GMT" time="129.369" errors="0">
  <testcase name="testProfile" time="129.369" classname="com.example.tests.ProfileTest"/>
</testsuite> <!-- com.example.tests.ProfileTest -->
